[2022-07-20 10:43:47] [ ERROR] [JwtEntryPoint:31] Error in method commence
[2022-07-20 10:52:16] [ ERROR] [JwtEntryPoint:31] Error in method commence
[2022-07-20 10:55:32] [ ERROR] [JwtEntryPoint:31] fail in commence
[2022-07-20 10:56:37] [ ERROR] [JwtProvider:79] Malformed Jwt
[2022-07-20 10:56:37] [ ERROR] [JwtEntryPoint:31] fail in commence
[2022-07-20 10:56:40] [ ERROR] [JwtProvider:79] Malformed Jwt
[2022-07-20 10:56:40] [ ERROR] [JwtEntryPoint:31] fail in commence
[2022-07-20 10:56:50] [ ERROR] [JwtProvider:95] Fail Jwt signature
[2022-07-20 10:56:50] [ ERROR] [JwtEntryPoint:31] fail in commence
[2022-07-20 10:56:56] [ ERROR] [JwtProvider:87] Expired Jwt
[2022-07-20 10:56:56] [ ERROR] [JwtEntryPoint:31] fail in commence
[2022-07-20 10:57:26] [ ERROR] [JwtProvider:87] Expired Jwt
[2022-07-20 10:57:26] [ ERROR] [JwtEntryPoint:31] fail in commence
[2022-07-20 11:00:14] [ ERROR] [JwtProvider:87] Expired Jwt
[2022-07-20 11:00:14] [ ERROR] [JwtEntryPoint:31] fail in commence
[2022-07-20 11:00:16] [ ERROR] [JwtProvider:87] Expired Jwt
[2022-07-20 11:00:16] [ ERROR] [JwtEntryPoint:31] fail in commence
[2022-07-20 11:00:17] [ ERROR] [JwtProvider:87] Expired Jwt
[2022-07-20 11:00:17] [ ERROR] [JwtEntryPoint:31] fail in commence
[2022-07-20 11:00:27] [ ERROR] [JwtProvider:87] Expired Jwt
[2022-07-20 11:00:27] [ ERROR] [JwtEntryPoint:31] fail in commence
[2022-07-20 11:00:56] [ ERROR] [JwtProvider:87] Expired Jwt
[2022-07-20 11:00:56] [ ERROR] [JwtEntryPoint:31] fail in commence
[2022-07-20 11:01:21] [ ERROR] [JwtProvider:87] Expired Jwt
[2022-07-20 11:01:21] [ ERROR] [JwtEntryPoint:31] fail in commence
[2022-07-20 11:04:19] [ ERROR] [JwtProvider:79] Malformed Jwt
[2022-07-20 11:04:21] [ ERROR] [JwtProvider:79] Malformed Jwt
[2022-07-20 11:04:22] [ ERROR] [JwtProvider:79] Malformed Jwt
[2022-07-20 11:04:34] [ ERROR] [JwtProvider:79] Malformed Jwt
[2022-07-20 11:04:35] [ ERROR] [JwtProvider:79] Malformed Jwt
[2022-07-20 11:04:38] [ ERROR] [JwtProvider:79] Malformed Jwt
[2022-07-20 11:04:43] [ ERROR] [JwtProvider:87] Expired Jwt
[2022-07-20 11:04:45] [ ERROR] [JwtProvider:87] Expired Jwt
[2022-07-20 11:04:54] [ ERROR] [JwtProvider:87] Expired Jwt
[2022-07-20 11:04:54] [ ERROR] [JwtEntryPoint:31] fail in commence
[2022-07-20 11:08:03] [ ERROR] [JwtProvider:87] Expired Jwt
[2022-07-20 11:08:03] [ ERROR] [JwtEntryPoint:31] fail in commence
[2022-07-20 11:14:00] [ ERROR] [JwtProvider:79] Malformed Jwt
[2022-07-20 11:14:00] [ ERROR] [JwtEntryPoint:31] fail in commence
[2022-07-20 11:14:01] [ ERROR] [JwtProvider:79] Malformed Jwt
[2022-07-20 11:14:01] [ ERROR] [JwtEntryPoint:31] fail in commence
[2022-07-20 11:14:42] [ ERROR] [JwtProvider:79] Malformed Jwt
[2022-07-20 11:14:42] [ ERROR] [JwtEntryPoint:31] fail in commence
[2022-07-20 11:15:03] [ ERROR] [JwtProvider:79] Malformed Jwt
[2022-07-20 11:15:03] [ ERROR] [JwtEntryPoint:31] fail in commence
[2022-07-20 11:15:22] [ ERROR] [JwtProvider:79] Malformed Jwt
[2022-07-20 11:15:22] [ ERROR] [JwtEntryPoint:31] fail in commence
[2022-07-20 11:15:23] [ ERROR] [JwtProvider:79] Malformed Jwt
[2022-07-20 11:15:23] [ ERROR] [JwtEntryPoint:31] fail in commence
[2022-07-20 11:15:36] [ ERROR] [JwtProvider:79] Malformed Jwt
[2022-07-20 11:15:36] [ ERROR] [JwtEntryPoint:31] fail in commence
[2022-07-20 11:15:58] [ ERROR] [JwtProvider:79] Malformed Jwt
[2022-07-20 11:15:58] [ ERROR] [JwtEntryPoint:31] fail in commence
[2022-07-20 11:16:20] [ ERROR] [JwtProvider:79] Malformed Jwt
[2022-07-20 11:16:20] [ ERROR] [JwtEntryPoint:31] fail in commence
[2022-07-20 11:16:34] [ ERROR] [JwtProvider:79] Malformed Jwt
[2022-07-20 11:16:34] [ ERROR] [JwtEntryPoint:31] fail in commence
[2022-07-20 11:17:01] [ ERROR] [JwtProvider:79] Malformed Jwt
[2022-07-20 11:17:01] [ ERROR] [JwtEntryPoint:31] fail in commence
[2022-07-20 12:11:02] [ ERROR] [JwtFilter:44] Fail in doFilterInternal()
[2022-07-20 12:11:02] [ ERROR] [JwtEntryPoint:31] fail in commence
[2022-07-20 12:11:30] [ ERROR] [JwtFilter:44] Fail in doFilterInternal()
[2022-07-20 12:11:30] [ ERROR] [JwtEntryPoint:31] fail in commence
[2022-07-20 12:11:48] [ DEBUG] [JwtProvider:67] marcoss@marcos.com
[2022-07-20 12:12:50] [ ERROR] [JwtFilter:44] Fail in doFilterInternal()
[2022-07-20 12:12:50] [ ERROR] [JwtEntryPoint:31] fail in commence
[2022-07-20 12:13:12] [ ERROR] [JwtFilter:44] Fail in doFilterInternal()
[2022-07-20 12:13:12] [ ERROR] [JwtEntryPoint:31] fail in commence
[2022-07-20 12:13:46] [ ERROR] [JwtFilter:44] Fail in doFilterInternal()Cannot mutate a JwtParser created from JwtParserBuilder.build(), the mutable methods in JwtParser will be removed before version 1.0
[2022-07-20 12:13:46] [ ERROR] [JwtEntryPoint:31] fail in commence
[2022-07-20 12:20:40] [ ERROR] [JwtProvider:89] Expired Jwt
[2022-07-20 12:20:40] [ ERROR] [JwtEntryPoint:31] fail in commence
[2022-07-20 12:21:33] [ DEBUG] [JwtProvider:66] marcoss@marcos.com
[2022-07-20 12:22:33] [ ERROR] [JwtFilter:44] Fail in doFilterInternal()Illegal base64 character: '.'
[2022-07-20 12:22:33] [ ERROR] [JwtEntryPoint:31] fail in commence
[2022-07-20 12:22:59] [ ERROR] [JwtFilter:44] Fail in doFilterInternal()Illegal base64 character: '.'
[2022-07-20 12:22:59] [ ERROR] [JwtEntryPoint:31] fail in commence
[2022-07-20 12:23:44] [ ERROR] [JwtFilter:44] Fail in doFilterInternal()Illegal base64 character: '.'
[2022-07-20 12:23:44] [ ERROR] [JwtEntryPoint:31] fail in commence
[2022-07-20 12:23:57] [ ERROR] [JwtFilter:44] Fail in doFilterInternal()Illegal base64 character: '.'
[2022-07-20 12:23:57] [ ERROR] [JwtEntryPoint:31] fail in commence
[2022-07-20 12:25:26] [ ERROR] [JwtFilter:44] Fail in doFilterInternal()Illegal base64 character: '.'
[2022-07-20 12:25:26] [ ERROR] [JwtEntryPoint:31] fail in commence
[2022-07-20 12:25:50] [ DEBUG] [JwtProvider:48] [B@5eeaef57
[2022-07-20 12:25:50] [ DEBUG] [JwtProvider:67] javax.crypto.spec.SecretKeySpec@fa77c112
[2022-07-20 12:25:50] [ DEBUG] [JwtProvider:68] marcoss@marcos.com
[2022-07-20 12:26:12] [ DEBUG] [JwtProvider:48] [B@3573bca0
[2022-07-20 12:26:12] [ DEBUG] [JwtProvider:67] javax.crypto.spec.SecretKeySpec@fa77c112
[2022-07-20 12:26:12] [ DEBUG] [JwtProvider:68] marcoss@marcos.com
[2022-07-20 12:30:01] [ DEBUG] [JwtProvider:48] [B@28b147c6
[2022-07-20 12:30:01] [ DEBUG] [JwtProvider:48] [B@98dea9a
[2022-07-20 12:30:01] [ DEBUG] [JwtProvider:67] javax.crypto.spec.SecretKeySpec@fa77c112
[2022-07-20 12:30:01] [ DEBUG] [JwtProvider:68] marcoss@marcos.com
[2022-07-20 12:30:06] [ DEBUG] [JwtProvider:48] [B@541eecb9
[2022-07-20 12:30:06] [ DEBUG] [JwtProvider:48] [B@6e017d59
[2022-07-20 12:30:06] [ DEBUG] [JwtProvider:67] javax.crypto.spec.SecretKeySpec@fa77c112
[2022-07-20 12:30:06] [ DEBUG] [JwtProvider:68] marcoss@marcos.com
[2022-07-20 12:31:34] [ ERROR] [JwtProvider:77] Malformed Jwt
[2022-07-20 12:31:34] [ ERROR] [JwtEntryPoint:31] fail in commence
[2022-07-21 12:45:27] [ ERROR] [JwtProvider:85] Expired Jwt
[2022-07-21 12:45:27] [ ERROR] [JwtEntryPoint:31] fail in commence
[2022-07-21 13:53:17] [ ERROR] [JwtProvider:85] Expired Jwt
[2022-07-21 13:53:17] [ ERROR] [JwtEntryPoint:31] fail in commence
[2022-07-21 13:57:26] [ ERROR] [JwtProvider:85] Expired Jwt
[2022-07-21 13:57:26] [ ERROR] [JwtEntryPoint:31] fail in commence
[2022-07-21 14:54:01] [ ERROR] [JwtProvider:85] Expired Jwt
[2022-07-21 14:54:01] [ ERROR] [JwtEntryPoint:31] fail in commence
[2022-07-22 08:54:56] [ ERROR] [JwtProvider:85] Expired Jwt
[2022-07-22 08:54:56] [ ERROR] [JwtEntryPoint:31] fail in commence
[2022-07-22 08:56:21] [ ERROR] [JwtProvider:93] Fail Jwt signature
[2022-07-22 08:56:21] [ ERROR] [JwtEntryPoint:31] fail in commence
[2022-07-22 15:14:14] [ ERROR] [JwtEntryPoint:31] fail in commence
[2022-07-22 15:14:14] [ ERROR] [JwtEntryPoint:31] fail in commence
[2022-07-25 08:41:41] [ ERROR] [JwtEntryPoint:31] fail in commence
[2022-07-25 08:44:35] [ ERROR] [JwtEntryPoint:31] fail in commence
[2022-07-25 09:03:24] [ ERROR] [JwtEntryPoint:31] fail in commence
[2022-07-25 09:03:38] [ ERROR] [JwtProvider:85] Expired Jwt
[2022-07-25 09:03:38] [ ERROR] [JwtEntryPoint:31] fail in commence
[2022-07-25 09:04:17] [ ERROR] [JwtEntryPoint:31] fail in commence
[2022-07-25 09:04:26] [ ERROR] [JwtProvider:85] Expired Jwt
[2022-07-25 09:04:26] [ ERROR] [JwtEntryPoint:31] fail in commence
[2022-07-25 09:48:49] [ ERROR] [JwtEntryPoint:31] fail in commence
[2022-07-25 10:31:16] [ ERROR] [JwtEntryPoint:31] fail in commence
[2022-07-25 11:42:40] [ ERROR] [JwtEntryPoint:31] fail in commence
[2022-07-25 11:46:36] [ ERROR] [JwtEntryPoint:31] fail in commence
[2022-07-25 13:11:42] [ INFO ] [UserService:91] User saved with id: 0
[2022-07-25 13:25:53] [ INFO ] [UserService:91] User saved with id: 0
[2022-07-25 14:00:10] [ INFO ] [UserService:91] User saved with id: 0
[2022-07-29 09:55:41] [ ERROR] [JwtProvider:98] Empty Jwt
[2022-07-29 10:09:51] [ ERROR] [JwtProvider:98] Empty Jwt
[2022-07-29 10:11:03] [ ERROR] [JwtProvider:98] Empty Jwt
[2022-08-01 08:10:22] [ ERROR] [JwtProvider:94] Expired Jwt
[2022-08-01 08:25:31] [ INFO ] [UserService:39] User saved with id: 2
[2022-08-01 08:25:32] [ INFO ] [ExchangerInfoController:84] Updated balance of user with: 2
[2022-08-01 08:30:17] [ INFO ] [UserService:39] User saved with id: 2
[2022-08-01 08:30:17] [ INFO ] [ExchangerInfoController:84] Updated balance of user with: 2
[2022-08-01 08:30:17] [ INFO ] [UserService:39] User saved with id: 1
[2022-08-01 08:30:17] [ INFO ] [ExchangerInfoController:84] Updated balance of user with: 1
[2022-08-01 08:51:59] [ INFO ] [UserService:39] User saved with id: 1
[2022-08-01 08:51:59] [ INFO ] [ExchangerInfoController:84] Updated balance of user with: 1
[2022-08-01 08:51:59] [ INFO ] [UserService:39] User saved with id: 3
[2022-08-01 08:58:04] [ INFO ] [UserService:39] User saved with id: 1
[2022-08-01 08:58:04] [ INFO ] [ExchangerInfoController:84] Updated balance of user with: 1
[2022-08-01 08:58:04] [ INFO ] [UserService:39] User saved with id: 3
[2022-08-01 08:59:17] [ INFO ] [UserService:39] User saved with id: 1
[2022-08-01 08:59:17] [ INFO ] [ExchangerInfoController:84] Updated balance of user with: 1
[2022-08-01 08:59:17] [ INFO ] [UserService:39] User saved with id: 3
[2022-08-01 08:59:17] [ INFO ] [ExchangerInfoController:84] Updated balance of user with: 3
[2022-08-01 09:05:39] [ INFO ] [UserService:39] User saved with id: 1
[2022-08-01 09:05:39] [ INFO ] [ExchangerInfoController:84] Updated balance of user with: 1
[2022-08-01 09:05:39] [ INFO ] [UserService:39] User saved with id: 3
[2022-08-01 09:05:39] [ INFO ] [ExchangerInfoController:84] Updated balance of user with: 3
[2022-08-01 10:06:59] [ INFO ] [UserService:39] User saved with id: 2
[2022-08-01 10:06:59] [ INFO ] [ExchangerInfoController:84] Updated balance of user with: 2
[2022-08-01 10:06:59] [ INFO ] [UserService:39] User saved with id: 1
[2022-08-01 10:06:59] [ INFO ] [ExchangerInfoController:84] Updated balance of user with: 1
[2022-08-01 10:08:03] [ INFO ] [UserService:39] User saved with id: 2
[2022-08-01 10:08:03] [ INFO ] [ExchangerInfoController:84] Updated balance of user with: 2
[2022-08-01 10:08:03] [ INFO ] [UserService:39] User saved with id: 1
[2022-08-01 10:08:03] [ INFO ] [ExchangerInfoController:84] Updated balance of user with: 1
[2022-08-01 10:34:18] [ INFO ] [UserService:39] User saved with id: 2
[2022-08-01 10:34:18] [ INFO ] [ExchangerInfoController:84] Updated balance of user with: 2
[2022-08-01 10:34:18] [ INFO ] [UserService:39] User saved with id: 1
[2022-08-01 10:34:18] [ INFO ] [ExchangerInfoController:84] Updated balance of user with: 1
[2022-08-01 10:34:43] [ INFO ] [UserService:39] User saved with id: 2
[2022-08-01 10:34:43] [ INFO ] [ExchangerInfoController:84] Updated balance of user with: 2
[2022-08-01 10:34:43] [ INFO ] [UserService:39] User saved with id: 1
[2022-08-01 10:34:43] [ INFO ] [ExchangerInfoController:84] Updated balance of user with: 1
[2022-08-02 10:09:23] [ INFO ] [UserService:39] User saved with id: 2
[2022-08-02 10:09:23] [ INFO ] [ExchangerInfoController:84] Updated balance of user with: 2
[2022-08-02 10:09:23] [ INFO ] [UserService:39] User saved with id: 1
[2022-08-02 10:09:23] [ INFO ] [ExchangerInfoController:84] Updated balance of user with: 1
[2022-08-02 10:13:18] [ INFO ] [UserService:39] User saved with id: 2
[2022-08-02 10:13:18] [ INFO ] [ExchangerInfoController:84] Updated balance of user with: 2
[2022-08-02 10:13:18] [ INFO ] [UserService:39] User saved with id: 1
[2022-08-02 10:13:18] [ INFO ] [ExchangerInfoController:84] Updated balance of user with: 1
[2022-08-02 10:15:52] [ INFO ] [UserService:39] User saved with id: 2
[2022-08-02 10:15:52] [ INFO ] [ExchangerInfoController:84] Updated balance of user with: 2
[2022-08-02 10:15:52] [ INFO ] [UserService:39] User saved with id: 1
[2022-08-02 10:15:52] [ INFO ] [ExchangerInfoController:84] Updated balance of user with: 1
[2022-08-02 10:25:25] [ INFO ] [UserService:39] User saved with id: 2
[2022-08-02 10:25:25] [ INFO ] [ExchangerInfoController:84] Updated balance of user with: 2
[2022-08-02 10:25:25] [ INFO ] [UserService:39] User saved with id: 1
[2022-08-02 10:25:25] [ INFO ] [ExchangerInfoController:84] Updated balance of user with: 1
[2022-08-02 10:29:30] [ INFO ] [UserService:39] User saved with id: 2
[2022-08-02 10:29:30] [ INFO ] [ExchangerInfoController:84] Updated balance of user with: 2
[2022-08-02 10:29:30] [ INFO ] [UserService:39] User saved with id: 1
[2022-08-02 10:29:30] [ INFO ] [ExchangerInfoController:84] Updated balance of user with: 1
[2022-08-02 10:31:37] [ INFO ] [UserService:39] User saved with id: 2
[2022-08-02 10:31:37] [ INFO ] [ExchangerInfoController:84] Updated balance of user with: 2
[2022-08-02 10:31:37] [ INFO ] [UserService:39] User saved with id: 1
[2022-08-02 10:31:37] [ INFO ] [ExchangerInfoController:84] Updated balance of user with: 1
[2022-08-02 10:36:26] [ INFO ] [UserService:39] User saved with id: 2
[2022-08-02 10:36:26] [ INFO ] [ExchangerInfoController:84] Updated balance of user with: 2
[2022-08-02 10:36:26] [ INFO ] [UserService:39] User saved with id: 1
[2022-08-02 10:36:26] [ INFO ] [ExchangerInfoController:84] Updated balance of user with: 1
[2022-08-02 11:01:46] [ INFO ] [UserService:39] User saved with id: 2
[2022-08-02 11:01:46] [ INFO ] [ExchangerInfoController:84] Updated balance of user with: 2
[2022-08-02 11:01:46] [ INFO ] [UserService:39] User saved with id: 1
[2022-08-02 11:01:46] [ INFO ] [ExchangerInfoController:84] Updated balance of user with: 1
[2022-08-02 11:09:22] [ INFO ] [UserService:39] User saved with id: 2
[2022-08-02 11:09:22] [ INFO ] [ExchangerInfoController:84] Updated balance of user with: 2
[2022-08-02 11:09:22] [ INFO ] [UserService:39] User saved with id: 1
[2022-08-02 11:09:22] [ INFO ] [ExchangerInfoController:84] Updated balance of user with: 1
[2022-08-02 11:12:49] [ INFO ] [UserService:39] User saved with id: 2
[2022-08-02 11:12:49] [ INFO ] [ExchangerInfoController:84] Updated balance of user with: 2
[2022-08-02 11:12:49] [ INFO ] [UserService:39] User saved with id: 1
[2022-08-02 11:12:49] [ INFO ] [ExchangerInfoController:84] Updated balance of user with: 1
